22-08-2023 12:39:40 INFO After Find
22-08-2023 12:39:40 INFO Founded element with BY: id,Value:ap_email
22-08-2023 12:39:40 INFO After Find
22-08-2023 12:39:40 INFO Founded element with BY: id,Value:ap_email
22-08-2023 12:39:40 INFO After Find
22-08-2023 12:39:40 INFO Founded element with BY: id,Value:continue
22-08-2023 12:39:40 INFO After Find
22-08-2023 12:39:40 INFO Founded element with BY: id,Value:continue
22-08-2023 12:39:41 INFO After Find
22-08-2023 12:39:41 INFO Founded element with BY: id,Value:ap_password
22-08-2023 12:39:41 INFO After Find
22-08-2023 12:39:41 INFO Founded element with BY: id,Value:ap_password
22-08-2023 12:39:47 INFO After Find
22-08-2023 12:39:47 INFO Founded element with BY: id,Value:signInSubmit
22-08-2023 12:39:47 INFO After Find
22-08-2023 12:39:47 INFO Founded element with BY: id,Value:signInSubmit
22-08-2023 12:39:48 INFO After Find
22-08-2023 12:39:48 INFO Founded element with BY: id,Value:auth-error-message-box
22-08-2023 12:47:39 INFO After Find
22-08-2023 12:47:39 INFO Founded element with BY: id,Value:ap_email
22-08-2023 12:47:39 INFO After Find
22-08-2023 12:47:39 INFO Founded element with BY: id,Value:ap_email
22-08-2023 12:47:39 INFO After Find
22-08-2023 12:47:39 INFO Founded element with BY: id,Value:continue
22-08-2023 12:47:39 INFO After Find
22-08-2023 12:47:39 INFO Founded element with BY: id,Value:continue
22-08-2023 12:47:40 INFO After Find
22-08-2023 12:47:40 INFO Founded element with BY: id,Value:ap_password
22-08-2023 12:47:40 INFO After Find
22-08-2023 12:47:40 INFO Founded element with BY: id,Value:ap_password
22-08-2023 12:47:46 INFO After Find
22-08-2023 12:47:46 INFO Founded element with BY: id,Value:signInSubmit
22-08-2023 12:47:46 INFO After Find
22-08-2023 12:47:46 INFO Founded element with BY: id,Value:signInSubmit
22-08-2023 12:47:48 INFO After Find
22-08-2023 12:47:48 INFO Founded element with BY: class name,Value:nav-line-1-container
22-08-2023 12:47:48 INFO After Find
22-08-2023 12:47:48 INFO Founded element with BY: class name,Value:nav-line-1-container
22-08-2023 12:47:48 INFO After Find
22-08-2023 12:47:48 INFO Founded element with BY: id,Value:nav-al-profile
